2018-06-05T13:30:11.707Z - normal: Load ~/.CocosCreator/settings.json
2018-06-05T13:30:11.710Z - normal: checking language setting...
2018-06-05T13:30:11.710Z - normal: Language: zh
2018-06-05T13:30:12.449Z - success: protocol editor-framework registered
2018-06-05T13:30:12.449Z - success: protocol app registered
2018-06-05T13:30:12.449Z - success: protocol theme registered
2018-06-05T13:30:12.449Z - success: protocol packages registered
2018-06-05T13:30:12.449Z - success: protocol unpack registerred
2018-06-05T13:30:12.449Z - success: protocol disable-commonjs registerred
2018-06-05T13:30:12.809Z - normal: connected!
2018-06-05T13:30:12.809Z - normal: Check project /Users/huyusheng/Projects/roadToGamer/start_project
2018-06-05T13:30:12.810Z - normal: Initializing Cocos2d
2018-06-05T13:30:13.011Z - normal: Initializing Asset Database
2018-06-05T13:30:13.043Z - success: protocol uuid registerred
2018-06-05T13:30:13.043Z - success: protocol db registerred
2018-06-05T13:30:13.044Z - success: protocol thumbnail registerred
2018-06-05T13:30:13.044Z - normal: Loading editor/builtin packages
2018-06-05T13:30:13.069Z - success: anysdk loaded
2018-06-05T13:30:13.185Z - success: assets loaded
2018-06-05T13:30:13.189Z - success: builder loaded
2018-06-05T13:30:13.191Z - success: cocos-analytics loaded
2018-06-05T13:30:13.196Z - success: console loaded
2018-06-05T13:30:13.225Z - success: fb-instant-games loaded
2018-06-05T13:30:13.230Z - success: hierarchy loaded
2018-06-05T13:30:13.234Z - success: inspector loaded
2018-06-05T13:30:13.236Z - success: keystore loaded
2018-06-05T13:30:13.244Z - success: node-library loaded
2018-06-05T13:30:13.245Z - success: package-asset loaded
2018-06-05T13:30:13.247Z - success: preferences loaded
2018-06-05T13:30:13.250Z - success: project-exporter loaded
2018-06-05T13:30:13.265Z - success: project-importer loaded
2018-06-05T13:30:13.268Z - success: project-settings loaded
2018-06-05T13:30:13.272Z - success: ui-kit loaded
2018-06-05T13:30:13.277Z - success: ui-grid loaded
2018-06-05T13:30:13.281Z - success: scene loaded
2018-06-05T13:30:13.283Z - success: sprite-editor loaded
2018-06-05T13:30:13.286Z - success: store loaded
2018-06-05T13:30:13.292Z - success: timeline loaded
2018-06-05T13:30:13.292Z - normal: Loading builtin packages
2018-06-05T13:30:13.296Z - success: asset-db-debugger loaded
2018-06-05T13:30:13.297Z - success: color-picker loaded
2018-06-05T13:30:13.301Z - success: package-manager loaded
2018-06-05T13:30:13.306Z - success: sdkbox loaded
2018-06-05T13:30:13.312Z - success: tester loaded
2018-06-05T13:30:13.315Z - success: ui-kit-preview-extra loaded
2018-06-05T13:30:13.318Z - success: ui-kit-preview loaded
2018-06-05T13:30:13.321Z - success: ui-tree loaded
2018-06-05T13:30:14.299Z - normal: Initializing project /Users/huyusheng/Projects/roadToGamer/start_project
2018-06-05T13:30:14.308Z - normal: Loading packages
2018-06-05T13:30:14.312Z - normal: Watching packages
2018-06-05T13:30:14.322Z - normal: Run Application
2018-06-05T13:30:14.775Z - success: preview server running at http://localhost:7456
2018-06-05T13:30:18.774Z - normal: 1.9.1
2018-06-05T13:31:35.188Z - success: VS Code extension installed to /Users/huyusheng/.vscode/extensions
2018-06-05T13:31:56.115Z - success: API data generated and copied to /Users/huyusheng/Projects/roadToGamer/start_project/creator.d.ts
